Compilación iniciada a las 07/10/2021 16:28:54.
     1>Proyecto "F:\VJ\ExOpenGL3_2DGame\ExOpenGL3_2DGame\2DGame\02-Bubble\02-Bubble\02-Bubble.vcxproj" en el nodo 2 (Build destinos).
     1>ClCompile:
         C:\Program Files (x86)\Microsoft Visual Studio 14.0\VC\bin\CL.exe /c /I"..\..\..\libs\Simple OpenGL Image Library\src" /I..\..\..\libs\freeglut\include /I"..\..\..\libs\glew-1.13.0\include" /I..\..\..\libs\glm /ZI /nologo /W3 /WX- /Od /Oy- /D WIN32 /D _DEBUG /D _CONSOLE /D _LIB /D _UNICODE /D UNICODE /Gm /EHsc /RTC1 /MDd /GS /fp:precise /Zc:wchar_t /Zc:forScope /Zc:inline /Fo"Debug\\" /Fd"Debug\vc140.pdb" /Gd /TP /analyze- /errorReport:prompt Angel.cpp Demon.cpp Game.cpp Player.cpp Scene.cpp main.cpp
         Player.cpp
         Demon.cpp
         Angel.cpp
     1>f:\vj\exopengl3_2dgame\exopengl3_2dgame\2dgame\02-bubble\02-bubble\angel.cpp(84): error C2509: 'update': función miembro no declarada en 'Angel'
         f:\vj\exopengl3_2dgame\exopengl3_2dgame\2dgame\02-bubble\02-bubble\angel.h(16): note: vea la declaración de 'Angel'
     1>f:\vj\exopengl3_2dgame\exopengl3_2dgame\2dgame\02-bubble\02-bubble\angel.cpp(156): error C2509: 'render': función miembro no declarada en 'Angel'
         f:\vj\exopengl3_2dgame\exopengl3_2dgame\2dgame\02-bubble\02-bubble\angel.h(16): note: vea la declaración de 'Angel'
     1>f:\vj\exopengl3_2dgame\exopengl3_2dgame\2dgame\02-bubble\02-bubble\angel.cpp(161): error C2509: 'setTileMap': función miembro no declarada en 'Angel'
         f:\vj\exopengl3_2dgame\exopengl3_2dgame\2dgame\02-bubble\02-bubble\angel.h(16): note: vea la declaración de 'Angel'
     1>f:\vj\exopengl3_2dgame\exopengl3_2dgame\2dgame\02-bubble\02-bubble\angel.cpp(166): error C2509: 'setPosition': función miembro no declarada en 'Angel'
         f:\vj\exopengl3_2dgame\exopengl3_2dgame\2dgame\02-bubble\02-bubble\angel.h(16): note: vea la declaración de 'Angel'
         Generando código...
         Compilando...
         main.cpp
         Scene.cpp
         Game.cpp
         Generando código...
     1>Compilación del proyecto terminada "F:\VJ\ExOpenGL3_2DGame\ExOpenGL3_2DGame\2DGame\02-Bubble\02-Bubble\02-Bubble.vcxproj" (Build destinos) -- ERROR.

ERROR al compilar.

Tiempo transcurrido 00:01:01.73
